<?xml version="1.0" encoding="UTF-8"?>
<testng-results ignored="0" total="1" passed="1" failed="0" skipped="0">
  <reporter-output>
  </reporter-output>
  <suite started-at="2019-01-29T18:10:42Z" name="Default suite" finished-at="2019-01-29T18:11:30Z" duration-ms="48287">
    <groups>
      <group name="fasak">
        <method signature="sampleTestNG.enterCrdeds(java.lang.String, java.lang.String)[pri:0, instance:com.Testng.check.sampleTestNG@548e6d58]" name="enterCrdeds" class="com.Testng.check.sampleTestNG"/>
      </group> <!-- fasak -->
    </groups>
    <test started-at="2019-01-29T18:10:42Z" name="Default test" finished-at="2019-01-29T18:11:30Z" duration-ms="48287">
      <class name="com.Testng.check.sampleTestNG">
        <test-method is-config="true" signature="launchURL()[pri:0, instance:com.Testng.check.sampleTestNG@548e6d58]" started-at="2019-01-29T18:10:42Z" name="launchURL" finished-at="2019-01-29T18:10:52Z" duration-ms="10568" status="PASS">
          <reporter-output>
          </reporter-output>
        </test-method> <!-- launchURL -->
        <test-method signature="enterCrdeds(java.lang.String, java.lang.String)[pri:0, instance:com.Testng.check.sampleTestNG@548e6d58]" started-at="2019-01-29T18:10:52Z" name="enterCrdeds" data-provider="Data" finished-at="2019-01-29T18:11:30Z" duration-ms="37682" status="PASS">
          <params>
            <param index="0">
              <value>
                <![CDATA[ravi4a4@gmail.com]]>
              </value>
            </param>
            <param index="1">
              <value>
                <![CDATA[vrt_9999]]>
              </value>
            </param>
          </params>
          <reporter-output>
          </reporter-output>
        </test-method> <!-- enterCrdeds -->
        <test-method is-config="true" signature="quitdriver()[pri:0, instance:com.Testng.check.sampleTestNG@548e6d58]" started-at="2019-01-29T18:11:30Z" name="quitdriver" finished-at="2019-01-29T18:11:30Z" duration-ms="0" status="PASS">
          <reporter-output>
          </reporter-output>
        </test-method> <!-- quitdriver -->
      </class> <!-- com.Testng.check.sampleTestNG -->
    </test> <!-- Default test -->
  </suite> <!-- Default suite -->
</testng-results>
